<?xml version="1.0" encoding="UTF-8"?>

<coverage generated="1656067474811" clover="3.2.0">
  <project timestamp="1656067474811" name="All files">


<coverage generated="1656043873972" clover="3.2.0">
  <project timestamp="1656043873972" name="All files">


 challenge02
<coverage generated="1655716700217" clover="3.2.0">
  <project timestamp="1655716700217" name="All files">

<coverage generated="1655959708881" clover="3.2.0">
  <project timestamp="1655959708881" name="All files">

<coverage generated="1656039401247" clover="3.2.0">
  <project timestamp="1656039401247" name="All files">



    <metrics statements="0" coveredstatements="0" conditionals="0" coveredconditionals="0" methods="0" coveredmethods="0" elements="0" coveredelements="0" complexity="0" loc="0" ncloc="0" packages="0" files="0" classes="0"/>
  </project>
</coverage>
